[debug] [2021-11-04T16:17:18.944Z] ----------------------------------------------------------------------
[debug] [2021-11-04T16:17:18.954Z] Command:       C:\Program Files\nodejs\node.exe C:\Users\valnicky\AppData\Roaming\npm\node_modules\firebase-tools\lib\bin\firebase.js init
[debug] [2021-11-04T16:17:18.956Z] CLI Version:   9.21.0
[debug] [2021-11-04T16:17:18.957Z] Platform:      win32
[debug] [2021-11-04T16:17:18.957Z] Node Version:  v14.18.0
[debug] [2021-11-04T16:17:18.963Z] Time:          Thu Nov 04 2021 17:17:18 GMT+0100 (Central European Standard Time)
[debug] [2021-11-04T16:17:18.963Z] ----------------------------------------------------------------------
[debug] 
[debug] [2021-11-04T16:17:19.345Z] > command requires scopes: ["email","openid","https://www.googleapis.com/auth/cloudplatformprojects.readonly","https://www.googleapis.com/auth/firebase","https://www.googleapis.com/auth/cloud-platform"]
[debug] [2021-11-04T16:17:19.346Z] > authorizing via signed-in user (valery0007@gmail.com)
[info] 
     ######## #### ########  ######## ########     ###     ######  ########
     ##        ##  ##     ## ##       ##     ##  ##   ##  ##       ##
     ######    ##  ########  ######   ########  #########  ######  ######
     ##        ##  ##    ##  ##       ##     ## ##     ##       ## ##
     ##       #### ##     ## ######## ########  ##     ##  ######  ########

You're about to initialize a Firebase project in this directory:

  C:\Users\valnicky\GitHub\netflix-clone

Before we get started, keep in mind:

  * You are initializing within an existing Firebase project directory

